2021-06-14 10:57:32.939  INFO 21608 --- [main] c.m.addresses.AddressesApplication       : Starting AddressesApplication using Java 1.8.0_201 on maciel with PID 21608 (D:\Projetos\Java\addresses\target\classes started by Msys-Maciel in D:\Projetos\Java\addresses)
2021-06-14 10:57:32.943  INFO 21608 --- [main] c.m.addresses.AddressesApplication       : No active profile set, falling back to default profiles: default
2021-06-14 10:57:34.037  INFO 21608 --- [main] .s.d.r.c.RepositoryConfigurationDelegate : Bootstrapping Spring Data JPA repositories in DEFAULT mode.
2021-06-14 10:57:34.115  INFO 21608 --- [main] .s.d.r.c.RepositoryConfigurationDelegate : Finished Spring Data repository scanning in 66 ms. Found 1 JPA repository interfaces.
2021-06-14 10:57:35.086  INFO 21608 --- [main] o.s.b.w.embedded.tomcat.TomcatWebServer  : Tomcat initialized with port(s): 8080 (http)
2021-06-14 10:57:35.100  INFO 21608 --- [main] o.apache.catalina.core.StandardService   : Starting service [Tomcat]
2021-06-14 10:57:35.100  INFO 21608 --- [main] org.apache.catalina.core.StandardEngine  : Starting Servlet engine: [Apache Tomcat/9.0.46]
2021-06-14 10:57:35.231  INFO 21608 --- [main] o.a.c.c.C.[.[.[/addresses-api]           : Initializing Spring embedded WebApplicationContext
2021-06-14 10:57:35.232  INFO 21608 --- [main] w.s.c.ServletWebServerApplicationContext : Root WebApplicationContext: initialization completed in 2208 ms
2021-06-14 10:57:35.533  INFO 21608 --- [main] o.f.c.internal.license.VersionPrinter    : Flyway Community Edition 7.7.3 by Redgate
2021-06-14 10:57:35.658  INFO 21608 --- [main] o.f.c.i.database.base.DatabaseType       : Database: jdbc:postgresql://localhost:5432/addresses (PostgreSQL 11.1)
2021-06-14 10:57:35.709  INFO 21608 --- [main] o.f.core.internal.command.DbValidate     : Successfully validated 1 migration (execution time 00:00.030s)
2021-06-14 10:57:35.716  INFO 21608 --- [main] o.f.core.internal.command.DbMigrate      : Current version of schema "public": 1.0.0.1
2021-06-14 10:57:35.717  INFO 21608 --- [main] o.f.core.internal.command.DbMigrate      : Schema "public" is up to date. No migration necessary.
2021-06-14 10:57:35.736  INFO 21608 --- [main] com.zaxxer.hikari.HikariDataSource       : HikariPool-1 - Starting...
2021-06-14 10:57:35.797  INFO 21608 --- [main] com.zaxxer.hikari.HikariDataSource       : HikariPool-1 - Start completed.
2021-06-14 10:57:35.903  INFO 21608 --- [main] o.hibernate.jpa.internal.util.LogHelper  : HHH000204: Processing PersistenceUnitInfo [name: default]
2021-06-14 10:57:35.999  INFO 21608 --- [main] org.hibernate.Version                    : HHH000412: Hibernate ORM core version 5.4.32.Final
2021-06-14 10:57:36.185  INFO 21608 --- [main] o.hibernate.annotations.common.Version   : HCANN000001: Hibernate Commons Annotations {5.1.2.Final}
2021-06-14 10:57:36.329  INFO 21608 --- [main] org.hibernate.dialect.Dialect            : HHH000400: Using dialect: org.hibernate.dialect.PostgreSQL9Dialect
2021-06-14 10:57:36.988  INFO 21608 --- [main] o.h.e.t.j.p.i.JtaPlatformInitiator       : HHH000490: Using JtaPlatform implementation: [org.hibernate.engine.transaction.jta.platform.internal.NoJtaPlatform]
2021-06-14 10:57:36.998  INFO 21608 --- [main] j.LocalContainerEntityManagerFactoryBean : Initialized JPA EntityManagerFactory for persistence unit 'default'
2021-06-14 10:57:37.523  WARN 21608 --- [main] JpaBaseConfiguration$JpaWebConfiguration : spring.jpa.open-in-view is enabled by default. Therefore, database queries may be performed during view rendering. Explicitly configure spring.jpa.open-in-view to disable this warning
2021-06-14 10:57:37.978  INFO 21608 --- [main] o.s.b.w.embedded.tomcat.TomcatWebServer  : Tomcat started on port(s): 8080 (http) with context path '/addresses-api'
2021-06-14 10:57:37.991  INFO 21608 --- [main] c.m.addresses.AddressesApplication       : Started AddressesApplication in 5.648 seconds (JVM running for 6.507)
2021-06-14 11:02:43.070  INFO 21608 --- [http-nio-8080-exec-7] o.a.c.c.C.[.[.[/addresses-api]           : Initializing Spring DispatcherServlet 'dispatcherServlet'
2021-06-14 11:02:43.070  INFO 21608 --- [http-nio-8080-exec-7] o.s.web.servlet.DispatcherServlet        : Initializing Servlet 'dispatcherServlet'
2021-06-14 11:02:43.072  INFO 21608 --- [http-nio-8080-exec-7] o.s.web.servlet.DispatcherServlet        : Completed initialization in 2 ms
2021-06-14 11:41:22.490  INFO 472 --- [main] c.m.addresses.AddressesApplication       : Starting AddressesApplication using Java 1.8.0_201 on maciel with PID 472 (D:\Projetos\Java\addresses\target\classes started by Msys-Maciel in D:\Projetos\Java\addresses)
2021-06-14 11:41:22.493  INFO 472 --- [main] c.m.addresses.AddressesApplication       : No active profile set, falling back to default profiles: default
2021-06-14 11:41:23.426  INFO 472 --- [main] .s.d.r.c.RepositoryConfigurationDelegate : Bootstrapping Spring Data JPA repositories in DEFAULT mode.
2021-06-14 11:41:23.533  INFO 472 --- [main] .s.d.r.c.RepositoryConfigurationDelegate : Finished Spring Data repository scanning in 89 ms. Found 1 JPA repository interfaces.
2021-06-14 11:41:24.471  INFO 472 --- [main] o.s.b.w.embedded.tomcat.TomcatWebServer  : Tomcat initialized with port(s): 8080 (http)
2021-06-14 11:41:24.495  INFO 472 --- [main] o.apache.catalina.core.StandardService   : Starting service [Tomcat]
2021-06-14 11:41:24.496  INFO 472 --- [main] org.apache.catalina.core.StandardEngine  : Starting Servlet engine: [Apache Tomcat/9.0.46]
2021-06-14 11:41:24.642  INFO 472 --- [main] o.a.c.c.C.[.[.[/addresses-api]           : Initializing Spring embedded WebApplicationContext
2021-06-14 11:41:24.643  INFO 472 --- [main] w.s.c.ServletWebServerApplicationContext : Root WebApplicationContext: initialization completed in 2090 ms
2021-06-14 11:41:24.999  INFO 472 --- [main] o.f.c.internal.license.VersionPrinter    : Flyway Community Edition 7.7.3 by Redgate
2021-06-14 11:41:25.201  INFO 472 --- [main] o.f.c.i.database.base.DatabaseType       : Database: jdbc:postgresql://localhost:5432/addresses (PostgreSQL 11.1)
2021-06-14 11:41:25.272  INFO 472 --- [main] o.f.core.internal.command.DbValidate     : Successfully validated 1 migration (execution time 00:00.042s)
2021-06-14 11:41:25.280  INFO 472 --- [main] o.f.core.internal.command.DbMigrate      : Current version of schema "public": 1.0.0.1
2021-06-14 11:41:25.282  INFO 472 --- [main] o.f.core.internal.command.DbMigrate      : Schema "public" is up to date. No migration necessary.
2021-06-14 11:41:25.298  INFO 472 --- [main] com.zaxxer.hikari.HikariDataSource       : HikariPool-1 - Starting...
2021-06-14 11:41:25.356  INFO 472 --- [main] com.zaxxer.hikari.HikariDataSource       : HikariPool-1 - Start completed.
2021-06-14 11:41:25.461  INFO 472 --- [main] o.hibernate.jpa.internal.util.LogHelper  : HHH000204: Processing PersistenceUnitInfo [name: default]
2021-06-14 11:41:25.593  INFO 472 --- [main] org.hibernate.Version                    : HHH000412: Hibernate ORM core version 5.4.32.Final
2021-06-14 11:41:25.941  INFO 472 --- [main] o.hibernate.annotations.common.Version   : HCANN000001: Hibernate Commons Annotations {5.1.2.Final}
2021-06-14 11:41:26.172  INFO 472 --- [main] org.hibernate.dialect.Dialect            : HHH000400: Using dialect: org.hibernate.dialect.PostgreSQL9Dialect
2021-06-14 11:41:26.890  INFO 472 --- [main] o.h.e.t.j.p.i.JtaPlatformInitiator       : HHH000490: Using JtaPlatform implementation: [org.hibernate.engine.transaction.jta.platform.internal.NoJtaPlatform]
2021-06-14 11:41:26.903  INFO 472 --- [main] j.LocalContainerEntityManagerFactoryBean : Initialized JPA EntityManagerFactory for persistence unit 'default'
2021-06-14 11:41:28.098  WARN 472 --- [main] JpaBaseConfiguration$JpaWebConfiguration : spring.jpa.open-in-view is enabled by default. Therefore, database queries may be performed during view rendering. Explicitly configure spring.jpa.open-in-view to disable this warning
2021-06-14 11:41:28.880  INFO 472 --- [main] o.s.b.w.embedded.tomcat.TomcatWebServer  : Tomcat started on port(s): 8080 (http) with context path '/addresses-api'
2021-06-14 11:41:28.892  INFO 472 --- [main] c.m.addresses.AddressesApplication       : Started AddressesApplication in 7.027 seconds (JVM running for 9.291)
2021-06-14 11:41:54.330  INFO 472 --- [http-nio-8080-exec-2] o.a.c.c.C.[.[.[/addresses-api]           : Initializing Spring DispatcherServlet 'dispatcherServlet'
2021-06-14 11:41:54.330  INFO 472 --- [http-nio-8080-exec-2] o.s.web.servlet.DispatcherServlet        : Initializing Servlet 'dispatcherServlet'
2021-06-14 11:41:54.331  INFO 472 --- [http-nio-8080-exec-2] o.s.web.servlet.DispatcherServlet        : Completed initialization in 1 ms
2021-06-14 11:53:28.760  INFO 472 --- [SpringApplicationShutdownHook] j.LocalContainerEntityManagerFactoryBean : Closing JPA EntityManagerFactory for persistence unit 'default'
2021-06-14 11:53:28.762  INFO 472 --- [SpringApplicationShutdownHook] com.zaxxer.hikari.HikariDataSource       : HikariPool-1 - Shutdown initiated...
2021-06-14 11:53:28.766  INFO 472 --- [SpringApplicationShutdownHook] com.zaxxer.hikari.HikariDataSource       : HikariPool-1 - Shutdown completed.
2021-06-14 11:53:52.502  INFO 19684 --- [main] c.m.addresses.AddressesApplication       : Starting AddressesApplication using Java 1.8.0_201 on maciel with PID 19684 (D:\Projetos\Java\addresses\target\classes started by Msys-Maciel in D:\Projetos\Java\addresses)
2021-06-14 11:53:52.505  INFO 19684 --- [main] c.m.addresses.AddressesApplication       : No active profile set, falling back to default profiles: default
2021-06-14 11:53:53.326  INFO 19684 --- [main] .s.d.r.c.RepositoryConfigurationDelegate : Bootstrapping Spring Data JPA repositories in DEFAULT mode.
2021-06-14 11:53:53.419  INFO 19684 --- [main] .s.d.r.c.RepositoryConfigurationDelegate : Finished Spring Data repository scanning in 78 ms. Found 1 JPA repository interfaces.
2021-06-14 11:53:54.226  INFO 19684 --- [main] o.s.b.w.embedded.tomcat.TomcatWebServer  : Tomcat initialized with port(s): 8080 (http)
2021-06-14 11:53:54.243  INFO 19684 --- [main] o.apache.catalina.core.StandardService   : Starting service [Tomcat]
2021-06-14 11:53:54.244  INFO 19684 --- [main] org.apache.catalina.core.StandardEngine  : Starting Servlet engine: [Apache Tomcat/9.0.46]
2021-06-14 11:53:54.389  INFO 19684 --- [main] o.a.c.c.C.[.[.[/addresses-api]           : Initializing Spring embedded WebApplicationContext
2021-06-14 11:53:54.389  INFO 19684 --- [main] w.s.c.ServletWebServerApplicationContext : Root WebApplicationContext: initialization completed in 1825 ms
2021-06-14 11:53:54.689  INFO 19684 --- [main] o.f.c.internal.license.VersionPrinter    : Flyway Community Edition 7.7.3 by Redgate
2021-06-14 11:53:54.828  INFO 19684 --- [main] o.f.c.i.database.base.DatabaseType       : Database: jdbc:postgresql://localhost:5432/addresses (PostgreSQL 11.1)
2021-06-14 11:53:54.873  INFO 19684 --- [main] o.f.core.internal.command.DbValidate     : Successfully validated 1 migration (execution time 00:00.025s)
2021-06-14 11:53:54.882  INFO 19684 --- [main] o.f.core.internal.command.DbMigrate      : Current version of schema "public": 1.0.0.1
2021-06-14 11:53:54.882  INFO 19684 --- [main] o.f.core.internal.command.DbMigrate      : Schema "public" is up to date. No migration necessary.
2021-06-14 11:53:54.899  INFO 19684 --- [main] com.zaxxer.hikari.HikariDataSource       : HikariPool-1 - Starting...
2021-06-14 11:53:54.962  INFO 19684 --- [main] com.zaxxer.hikari.HikariDataSource       : HikariPool-1 - Start completed.
2021-06-14 11:53:55.067  INFO 19684 --- [main] o.hibernate.jpa.internal.util.LogHelper  : HHH000204: Processing PersistenceUnitInfo [name: default]
2021-06-14 11:53:55.158  INFO 19684 --- [main] org.hibernate.Version                    : HHH000412: Hibernate ORM core version 5.4.32.Final
2021-06-14 11:53:55.380  INFO 19684 --- [main] o.hibernate.annotations.common.Version   : HCANN000001: Hibernate Commons Annotations {5.1.2.Final}
2021-06-14 11:53:55.609  INFO 19684 --- [main] org.hibernate.dialect.Dialect            : HHH000400: Using dialect: org.hibernate.dialect.PostgreSQL9Dialect
2021-06-14 11:53:56.354  INFO 19684 --- [main] o.h.e.t.j.p.i.JtaPlatformInitiator       : HHH000490: Using JtaPlatform implementation: [org.hibernate.engine.transaction.jta.platform.internal.NoJtaPlatform]
2021-06-14 11:53:56.365  INFO 19684 --- [main] j.LocalContainerEntityManagerFactoryBean : Initialized JPA EntityManagerFactory for persistence unit 'default'
2021-06-14 11:53:57.423  WARN 19684 --- [main] JpaBaseConfiguration$JpaWebConfiguration : spring.jpa.open-in-view is enabled by default. Therefore, database queries may be performed during view rendering. Explicitly configure spring.jpa.open-in-view to disable this warning
2021-06-14 11:53:58.433  INFO 19684 --- [main] o.s.b.w.embedded.tomcat.TomcatWebServer  : Tomcat started on port(s): 8080 (http) with context path '/addresses-api'
2021-06-14 11:53:58.454  INFO 19684 --- [main] c.m.addresses.AddressesApplication       : Started AddressesApplication in 6.598 seconds (JVM running for 7.546)
2021-06-14 11:53:58.562  INFO 19684 --- [http-nio-8080-exec-3] o.a.c.c.C.[.[.[/addresses-api]           : Initializing Spring DispatcherServlet 'dispatcherServlet'
2021-06-14 11:53:58.563  INFO 19684 --- [http-nio-8080-exec-3] o.s.web.servlet.DispatcherServlet        : Initializing Servlet 'dispatcherServlet'
2021-06-14 11:53:58.564  INFO 19684 --- [http-nio-8080-exec-3] o.s.web.servlet.DispatcherServlet        : Completed initialization in 1 ms
2021-06-14 11:54:05.121 ERROR 19684 --- [http-nio-8080-exec-3] o.a.c.c.C.[.[.[.[dispatcherServlet]      : Servlet.service() for servlet [dispatcherServlet] in context with path [/addresses-api] threw exception [Request processing failed; nested exception is java.lang.IllegalStateException: Invalid API key.] with root cause

java.lang.IllegalStateException: Invalid API key.
	at com.google.maps.GeoApiContext.checkContext(GeoApiContext.java:360) ~[google-maps-services-0.18.0.jar:na]
	at com.google.maps.GeoApiContext.getWithPath(GeoApiContext.java:317) ~[google-maps-services-0.18.0.jar:na]
	at com.google.maps.GeoApiContext.get(GeoApiContext.java:223) ~[google-maps-services-0.18.0.jar:na]
	at com.google.maps.PendingResultBase.makeRequest(PendingResultBase.java:82) ~[google-maps-services-0.18.0.jar:na]
	at com.google.maps.PendingResultBase.await(PendingResultBase.java:57) ~[google-maps-services-0.18.0.jar:na]
	at com.macielgoettms.addresses.infrastructure.AddressGoogleMapsAdapter.findGeocodingByDescription(AddressGoogleMapsAdapter.java:22) ~[classes/:na]
	at com.macielgoettms.addresses.domain.AddressService.createAddress(AddressService.java:19) ~[classes/:na]
	at com.macielgoettms.addresses.application.AddressController.createAddress(AddressController.java:28) ~[classes/:na]
	at sun.reflect.NativeMethodAccessorImpl.invoke0(Native Method) ~[na:1.8.0_201]
	at sun.reflect.NativeMethodAccessorImpl.invoke(NativeMethodAccessorImpl.java:62) ~[na:1.8.0_201]
	at sun.reflect.DelegatingMethodAccessorImpl.invoke(DelegatingMethodAccessorImpl.java:43) ~[na:1.8.0_201]
	at java.lang.reflect.Method.invoke(Method.java:498) ~[na:1.8.0_201]
	at org.springframework.web.method.support.InvocableHandlerMethod.doInvoke(InvocableHandlerMethod.java:197) ~[spring-web-5.3.8.jar:5.3.8]
	at org.springframework.web.method.support.InvocableHandlerMethod.invokeForRequest(InvocableHandlerMethod.java:141) ~[spring-web-5.3.8.jar:5.3.8]
	at org.springframework.web.servlet.mvc.method.annotation.ServletInvocableHandlerMethod.invokeAndHandle(ServletInvocableHandlerMethod.java:106) ~[spring-webmvc-5.3.8.jar:5.3.8]
	at org.springframework.web.servlet.mvc.method.annotation.RequestMappingHandlerAdapter.invokeHandlerMethod(RequestMappingHandlerAdapter.java:894) ~[spring-webmvc-5.3.8.jar:5.3.8]
	at org.springframework.web.servlet.mvc.method.annotation.RequestMappingHandlerAdapter.handleInternal(RequestMappingHandlerAdapter.java:808) ~[spring-webmvc-5.3.8.jar:5.3.8]
	at org.springframework.web.servlet.mvc.method.AbstractHandlerMethodAdapter.handle(AbstractHandlerMethodAdapter.java:87) ~[spring-webmvc-5.3.8.jar:5.3.8]
	at org.springframework.web.servlet.DispatcherServlet.doDispatch(DispatcherServlet.java:1063) ~[spring-webmvc-5.3.8.jar:5.3.8]
	at org.springframework.web.servlet.DispatcherServlet.doService(DispatcherServlet.java:963) ~[spring-webmvc-5.3.8.jar:5.3.8]
	at org.springframework.web.servlet.FrameworkServlet.processRequest(FrameworkServlet.java:1006) ~[spring-webmvc-5.3.8.jar:5.3.8]
	at org.springframework.web.servlet.FrameworkServlet.doPost(FrameworkServlet.java:909) ~[spring-webmvc-5.3.8.jar:5.3.8]
	at javax.servlet.http.HttpServlet.service(HttpServlet.java:652) ~[tomcat-embed-core-9.0.46.jar:4.0.FR]
	at org.springframework.web.servlet.FrameworkServlet.service(FrameworkServlet.java:883) ~[spring-webmvc-5.3.8.jar:5.3.8]
	at javax.servlet.http.HttpServlet.service(HttpServlet.java:733) ~[tomcat-embed-core-9.0.46.jar:4.0.FR]
	at org.apache.catalina.core.ApplicationFilterChain.internalDoFilter(ApplicationFilterChain.java:227) ~[tomcat-embed-core-9.0.46.jar:9.0.46]
	at org.apache.catalina.core.ApplicationFilterChain.doFilter(ApplicationFilterChain.java:162) ~[tomcat-embed-core-9.0.46.jar:9.0.46]
	at org.apache.tomcat.websocket.server.WsFilter.doFilter(WsFilter.java:53) ~[tomcat-embed-websocket-9.0.46.jar:9.0.46]
	at org.apache.catalina.core.ApplicationFilterChain.internalDoFilter(ApplicationFilterChain.java:189) ~[tomcat-embed-core-9.0.46.jar:9.0.46]
	at org.apache.catalina.core.ApplicationFilterChain.doFilter(ApplicationFilterChain.java:162) ~[tomcat-embed-core-9.0.46.jar:9.0.46]
	at org.springframework.web.filter.RequestContextFilter.doFilterInternal(RequestContextFilter.java:100) ~[spring-web-5.3.8.jar:5.3.8]
	at org.springframework.web.filter.OncePerRequestFilter.doFilter(OncePerRequestFilter.java:119) ~[spring-web-5.3.8.jar:5.3.8]
	at org.apache.catalina.core.ApplicationFilterChain.internalDoFilter(ApplicationFilterChain.java:189) ~[tomcat-embed-core-9.0.46.jar:9.0.46]
	at org.apache.catalina.core.ApplicationFilterChain.doFilter(ApplicationFilterChain.java:162) ~[tomcat-embed-core-9.0.46.jar:9.0.46]
	at org.springframework.web.filter.FormContentFilter.doFilterInternal(FormContentFilter.java:93) ~[spring-web-5.3.8.jar:5.3.8]
	at org.springframework.web.filter.OncePerRequestFilter.doFilter(OncePerRequestFilter.java:119) ~[spring-web-5.3.8.jar:5.3.8]
	at org.apache.catalina.core.ApplicationFilterChain.internalDoFilter(ApplicationFilterChain.java:189) ~[tomcat-embed-core-9.0.46.jar:9.0.46]
	at org.apache.catalina.core.ApplicationFilterChain.doFilter(ApplicationFilterChain.java:162) ~[tomcat-embed-core-9.0.46.jar:9.0.46]
	at org.springframework.web.filter.CharacterEncodingFilter.doFilterInternal(CharacterEncodingFilter.java:201) ~[spring-web-5.3.8.jar:5.3.8]
	at org.springframework.web.filter.OncePerRequestFilter.doFilter(OncePerRequestFilter.java:119) ~[spring-web-5.3.8.jar:5.3.8]
	at org.apache.catalina.core.ApplicationFilterChain.internalDoFilter(ApplicationFilterChain.java:189) ~[tomcat-embed-core-9.0.46.jar:9.0.46]
	at org.apache.catalina.core.ApplicationFilterChain.doFilter(ApplicationFilterChain.java:162) ~[tomcat-embed-core-9.0.46.jar:9.0.46]
	at org.apache.catalina.core.StandardWrapperValve.invoke(StandardWrapperValve.java:202) ~[tomcat-embed-core-9.0.46.jar:9.0.46]
	at org.apache.catalina.core.StandardContextValve.invoke(StandardContextValve.java:97) [tomcat-embed-core-9.0.46.jar:9.0.46]
	at org.apache.catalina.authenticator.AuthenticatorBase.invoke(AuthenticatorBase.java:542) [tomcat-embed-core-9.0.46.jar:9.0.46]
	at org.apache.catalina.core.StandardHostValve.invoke(StandardHostValve.java:143) [tomcat-embed-core-9.0.46.jar:9.0.46]
	at org.apache.catalina.valves.ErrorReportValve.invoke(ErrorReportValve.java:92) [tomcat-embed-core-9.0.46.jar:9.0.46]
	at org.apache.catalina.core.StandardEngineValve.invoke(StandardEngineValve.java:78) [tomcat-embed-core-9.0.46.jar:9.0.46]
	at org.apache.catalina.connector.CoyoteAdapter.service(CoyoteAdapter.java:357) [tomcat-embed-core-9.0.46.jar:9.0.46]
	at org.apache.coyote.http11.Http11Processor.service(Http11Processor.java:374) [tomcat-embed-core-9.0.46.jar:9.0.46]
	at org.apache.coyote.AbstractProcessorLight.process(AbstractProcessorLight.java:65) [tomcat-embed-core-9.0.46.jar:9.0.46]
	at org.apache.coyote.AbstractProtocol$ConnectionHandler.process(AbstractProtocol.java:893) [tomcat-embed-core-9.0.46.jar:9.0.46]
	at org.apache.tomcat.util.net.NioEndpoint$SocketProcessor.doRun(NioEndpoint.java:1707) [tomcat-embed-core-9.0.46.jar:9.0.46]
	at org.apache.tomcat.util.net.SocketProcessorBase.run(SocketProcessorBase.java:49) [tomcat-embed-core-9.0.46.jar:9.0.46]
	at java.util.concurrent.ThreadPoolExecutor.runWorker(ThreadPoolExecutor.java:1149) [na:1.8.0_201]
	at java.util.concurrent.ThreadPoolExecutor$Worker.run(ThreadPoolExecutor.java:624) [na:1.8.0_201]
	at org.apache.tomcat.util.threads.TaskThread$WrappingRunnable.run(TaskThread.java:61) [tomcat-embed-core-9.0.46.jar:9.0.46]
	at java.lang.Thread.run(Thread.java:748) [na:1.8.0_201]

2021-06-14 15:25:13.230  INFO 19684 --- [SpringApplicationShutdownHook] j.LocalContainerEntityManagerFactoryBean : Closing JPA EntityManagerFactory for persistence unit 'default'
2021-06-14 15:25:13.269  INFO 19684 --- [SpringApplicationShutdownHook] com.zaxxer.hikari.HikariDataSource       : HikariPool-1 - Shutdown initiated...
2021-06-14 15:25:13.275  INFO 19684 --- [SpringApplicationShutdownHook] com.zaxxer.hikari.HikariDataSource       : HikariPool-1 - Shutdown completed.
2021-06-14 16:26:13.935  INFO 3600 --- [main] c.m.addresses.AddressesApplication       : Starting AddressesApplication using Java 1.8.0_201 on maciel with PID 3600 (D:\Projetos\Java\addresses\target\classes started by Msys-Maciel in D:\Projetos\Java\addresses)
2021-06-14 16:26:13.940  INFO 3600 --- [main] c.m.addresses.AddressesApplication       : No active profile set, falling back to default profiles: default
2021-06-14 16:26:14.988  INFO 3600 --- [main] .s.d.r.c.RepositoryConfigurationDelegate : Bootstrapping Spring Data JPA repositories in DEFAULT mode.
2021-06-14 16:26:15.069  INFO 3600 --- [main] .s.d.r.c.RepositoryConfigurationDelegate : Finished Spring Data repository scanning in 69 ms. Found 1 JPA repository interfaces.
2021-06-14 16:26:16.304  INFO 3600 --- [main] o.s.b.w.embedded.tomcat.TomcatWebServer  : Tomcat initialized with port(s): 8080 (http)
2021-06-14 16:26:16.320  INFO 3600 --- [main] o.apache.catalina.core.StandardService   : Starting service [Tomcat]
2021-06-14 16:26:16.320  INFO 3600 --- [main] org.apache.catalina.core.StandardEngine  : Starting Servlet engine: [Apache Tomcat/9.0.46]
2021-06-14 16:26:16.462  INFO 3600 --- [main] o.a.c.c.C.[.[.[/addresses-api]           : Initializing Spring embedded WebApplicationContext
2021-06-14 16:26:16.462  INFO 3600 --- [main] w.s.c.ServletWebServerApplicationContext : Root WebApplicationContext: initialization completed in 2438 ms
2021-06-14 16:26:16.902  INFO 3600 --- [main] o.f.c.internal.license.VersionPrinter    : Flyway Community Edition 7.7.3 by Redgate
2021-06-14 16:26:17.058  INFO 3600 --- [main] o.f.c.i.database.base.DatabaseType       : Database: jdbc:postgresql://localhost:5432/addresses (PostgreSQL 11.1)
2021-06-14 16:26:17.102  INFO 3600 --- [main] o.f.core.internal.command.DbValidate     : Successfully validated 1 migration (execution time 00:00.023s)
2021-06-14 16:26:17.111  INFO 3600 --- [main] o.f.core.internal.command.DbMigrate      : Current version of schema "public": 1.0.0.1
2021-06-14 16:26:17.111  INFO 3600 --- [main] o.f.core.internal.command.DbMigrate      : Schema "public" is up to date. No migration necessary.
2021-06-14 16:26:17.131  INFO 3600 --- [main] com.zaxxer.hikari.HikariDataSource       : HikariPool-1 - Starting...
2021-06-14 16:26:17.211  INFO 3600 --- [main] com.zaxxer.hikari.HikariDataSource       : HikariPool-1 - Start completed.
2021-06-14 16:26:17.339  INFO 3600 --- [main] o.hibernate.jpa.internal.util.LogHelper  : HHH000204: Processing PersistenceUnitInfo [name: default]
2021-06-14 16:26:17.439  INFO 3600 --- [main] org.hibernate.Version                    : HHH000412: Hibernate ORM core version 5.4.32.Final
2021-06-14 16:26:17.711  INFO 3600 --- [main] o.hibernate.annotations.common.Version   : HCANN000001: Hibernate Commons Annotations {5.1.2.Final}
2021-06-14 16:26:17.840  INFO 3600 --- [main] org.hibernate.dialect.Dialect            : HHH000400: Using dialect: org.hibernate.dialect.PostgreSQL9Dialect
2021-06-14 16:26:18.939  INFO 3600 --- [main] o.h.e.t.j.p.i.JtaPlatformInitiator       : HHH000490: Using JtaPlatform implementation: [org.hibernate.engine.transaction.jta.platform.internal.NoJtaPlatform]
2021-06-14 16:26:18.953  INFO 3600 --- [main] j.LocalContainerEntityManagerFactoryBean : Initialized JPA EntityManagerFactory for persistence unit 'default'
2021-06-14 16:26:20.028  WARN 3600 --- [main] JpaBaseConfiguration$JpaWebConfiguration : spring.jpa.open-in-view is enabled by default. Therefore, database queries may be performed during view rendering. Explicitly configure spring.jpa.open-in-view to disable this warning
2021-06-14 16:26:20.714  INFO 3600 --- [main] o.s.b.w.embedded.tomcat.TomcatWebServer  : Tomcat started on port(s): 8080 (http) with context path '/addresses-api'
2021-06-14 16:26:20.724  INFO 3600 --- [main] c.m.addresses.AddressesApplication       : Started AddressesApplication in 7.41 seconds (JVM running for 7.996)
2021-06-14 16:26:26.151  INFO 3600 --- [http-nio-8080-exec-1] o.a.c.c.C.[.[.[/addresses-api]           : Initializing Spring DispatcherServlet 'dispatcherServlet'
2021-06-14 16:26:26.151  INFO 3600 --- [http-nio-8080-exec-1] o.s.web.servlet.DispatcherServlet        : Initializing Servlet 'dispatcherServlet'
2021-06-14 16:26:26.152  INFO 3600 --- [http-nio-8080-exec-1] o.s.web.servlet.DispatcherServlet        : Completed initialization in 1 ms
